app/build/intermediates/manifest_merge_blame_file/release/manifest-merger-blame-release-report.txt
1<?xml version="1.0" encoding="utf-8"?>
2<manifest xmlns:android="http://schemas.android.com/apk/res/android"
3    package="kg.ilimbox"
4    android:versionCode="131"
5    android:versionName="1.0.1" >
6
7    <uses-sdk
8        android:minSdkVersion="24"
8-->src\main\AndroidManifest.xml
9        android:targetSdkVersion="30" />
9-->src\main\AndroidManifest.xml
10
11    <uses-permission android:name="android.permission.INTERNET" />
11-->src\main\AndroidManifest.xml:5:5-67
11-->src\main\AndroidManifest.xml:5:22-64
12    <uses-permission android:name="android.permission.RECEIVE_BOOT_COMPLETED" />
12-->src\main\AndroidManifest.xml:6:5-81
12-->src\main\AndroidManifest.xml:6:22-78
13    <uses-permission android:name="android.permission.ACCESS_NETWORK_STATE" />
13-->src\main\AndroidManifest.xml:7:5-79
13-->src\main\AndroidManifest.xml:7:22-76
14    <uses-permission android:name="android.permission.READ_EXTERNAL_STORAGE" />
14-->src\main\AndroidManifest.xml:8:5-80
14-->src\main\AndroidManifest.xml:8:22-77
15    <uses-permission android:name="android.permission.WAKE_LOCK" /> <!-- Required by older versions of Google Play services to create IID tokens -->
15-->[com.google.firebase:firebase-messaging:23.0.0] AndroidManifest.xml:23:5-68
15-->[com.google.firebase:firebase-messaging:23.0.0] AndroidManifest.xml:23:22-65
16    <uses-permission android:name="com.google.android.c2dm.permission.RECEIVE" />
16-->[com.google.firebase:firebase-messaging:23.0.0] AndroidManifest.xml:25:5-82
16-->[com.google.firebase:firebase-messaging:23.0.0] AndroidManifest.xml:25:22-79
17    <uses-permission android:name="com.google.android.finsky.permission.BIND_GET_INSTALL_REFERRER_SERVICE" />
17-->[com.google.android.gms:play-services-measurement:20.0.0] AndroidManifest.xml:26:5-110
17-->[com.google.android.gms:play-services-measurement:20.0.0] AndroidManifest.xml:26:22-107
18    <uses-permission android:name="android.permission.FOREGROUND_SERVICE" />
18-->[androidx.work:work-runtime:2.5.0] AndroidManifest.xml:28:5-77
18-->[androidx.work:work-runtime:2.5.0] AndroidManifest.xml:28:22-74
19
20    <application
20-->src\main\AndroidManifest.xml:10:5-100:19
21        android:name="ilimboxAndroid.bphc.ilimbox.app.MyApplication"
21-->src\main\AndroidManifest.xml:11:9-42
22        android:allowBackup="false"
22-->src\main\AndroidManifest.xml:12:9-36
23        android:appComponentFactory="androidx.core.app.CoreComponentFactory"
23-->[androidx.core:core:1.3.1] AndroidManifest.xml:24:18-86
24        android:extractNativeLibs="false"
25        android:hardwareAccelerated="true"
25-->src\main\AndroidManifest.xml:13:9-43
26        android:icon="@drawable/ic_app_ilimbox"
26-->src\main\AndroidManifest.xml:15:9-48
27        android:label="@string/app_name"
27-->src\main\AndroidManifest.xml:16:9-41
28        android:requestLegacyExternalStorage="true"
28-->src\main\AndroidManifest.xml:17:9-52
29        android:supportsRtl="true"
29-->src\main\AndroidManifest.xml:18:9-35
30        android:theme="@style/AppTheme"
30-->src\main\AndroidManifest.xml:19:9-40
31        android:usesCleartextTraffic="true" >
31-->src\main\AndroidManifest.xml:14:9-44
32        <activity android:name="ilimboxAndroid.bphc.ilimbox.WebViewActivity" />
32-->src\main\AndroidManifest.xml:20:9-62
32-->src\main\AndroidManifest.xml:20:19-50
33        <activity android:name="ilimboxAndroid.bphc.ilimbox.BrowserActivity" />
33-->src\main\AndroidManifest.xml:21:9-53
33-->src\main\AndroidManifest.xml:21:19-50
34        <activity
34-->src\main\AndroidManifest.xml:22:9-24:59
35            android:name="ilimboxAndroid.bphc.ilimbox.EditActivity"
35-->src\main\AndroidManifest.xml:23:13-41
36            android:theme="@style/AppTheme.NoActionBar" />
36-->src\main\AndroidManifest.xml:24:13-56
37        <activity android:name="ilimboxAndroid.bphc.ilimbox.SmsCodeActivity" />
37-->src\main\AndroidManifest.xml:25:9-53
37-->src\main\AndroidManifest.xml:25:19-50
38        <activity android:name="ilimboxAndroid.bphc.ilimbox.LoginPhoneActivity" />
38-->src\main\AndroidManifest.xml:26:9-56
38-->src\main\AndroidManifest.xml:26:19-53
39        <activity
39-->src\main\AndroidManifest.xml:27:9-29:39
40            android:name="ilimboxAndroid.bphc.ilimbox.bording.BordingActivity"
40-->src\main\AndroidManifest.xml:28:13-52
41            android:exported="true" />
41-->src\main\AndroidManifest.xml:29:13-36
42
43        <meta-data
43-->src\main\AndroidManifest.xml:31:9-33:57
44            android:name="com.google.firebase.messaging.default_notification_icon"
44-->src\main\AndroidManifest.xml:32:13-83
45            android:resource="@drawable/ic_crux_logo" />
45-->src\main\AndroidManifest.xml:33:13-54
46        <meta-data
46-->src\main\AndroidManifest.xml:34:9-36:51
47            android:name="com.google.firebase.messaging.default_notification_color"
47-->src\main\AndroidManifest.xml:35:13-84
48            android:resource="@color/crux_blue" />
48-->src\main\AndroidManifest.xml:36:13-48
49        <meta-data
49-->src\main\AndroidManifest.xml:37:9-39:57
50            android:name="preloaded_fonts"
50-->src\main\AndroidManifest.xml:38:13-43
51            android:resource="@array/preloaded_fonts" />
51-->src\main\AndroidManifest.xml:39:13-54
52
53        <activity
53-->src\main\AndroidManifest.xml:41:9-55:20
54            android:name="ilimboxAndroid.bphc.ilimbox.activities.TokenActivity"
54-->src\main\AndroidManifest.xml:42:13-53
55            android:launchMode="singleTask"
55-->src\main\AndroidManifest.xml:43:13-44
56            android:screenOrientation="portrait"
56-->src\main\AndroidManifest.xml:44:13-49
57            android:theme="@style/SplashTheme.NoActionBar"
57-->src\main\AndroidManifest.xml:45:13-59
58            android:windowSoftInputMode="adjustNothing" >
58-->src\main\AndroidManifest.xml:46:13-56
59            <intent-filter>
59-->src\main\AndroidManifest.xml:47:13-54:29
60                <action android:name="android.intent.action.VIEW" />
60-->src\main\AndroidManifest.xml:48:17-69
60-->src\main\AndroidManifest.xml:48:25-66
61
62                <category android:name="android.intent.category.DEFAULT" />
62-->src\main\AndroidManifest.xml:50:17-76
62-->src\main\AndroidManifest.xml:50:27-73
63                <category android:name="android.intent.category.BROWSABLE" />
63-->src\main\AndroidManifest.xml:51:17-78
63-->src\main\AndroidManifest.xml:51:27-75
64
65                <data android:scheme="cmsbphc" />
65-->src\main\AndroidManifest.xml:53:17-50
65-->src\main\AndroidManifest.xml:53:23-47
66            </intent-filter>
67        </activity>
68        <activity
68-->src\main\AndroidManifest.xml:56:9-78:20
69            android:name="ilimboxAndroid.bphc.ilimbox.activities.MainActivity"
69-->src\main\AndroidManifest.xml:57:13-52
70            android:label="@string/app_name"
70-->src\main\AndroidManifest.xml:58:13-45
71            android:screenOrientation="portrait"
71-->src\main\AndroidManifest.xml:59:13-49
72            android:theme="@style/SplashTheme.NoActionBar"
72-->src\main\AndroidManifest.xml:60:13-59
73            android:windowSoftInputMode="adjustNothing" >
73-->src\main\AndroidManifest.xml:61:13-56
74            <intent-filter>
74-->src\main\AndroidManifest.xml:62:13-66:29
75                <action android:name="android.intent.action.MAIN" />
75-->src\main\AndroidManifest.xml:63:17-69
75-->src\main\AndroidManifest.xml:63:25-66
76
77                <category android:name="android.intent.category.LAUNCHER" />
77-->src\main\AndroidManifest.xml:65:17-77
77-->src\main\AndroidManifest.xml:65:27-74
78            </intent-filter>
79            <intent-filter>
79-->src\main\AndroidManifest.xml:67:13-77:29
80                <action android:name="android.intent.action.VIEW" />
80-->src\main\AndroidManifest.xml:48:17-69
80-->src\main\AndroidManifest.xml:48:25-66
81
82                <category android:name="android.intent.category.BROWSABLE" />
82-->src\main\AndroidManifest.xml:51:17-78
82-->src\main\AndroidManifest.xml:51:27-75
83                <category android:name="android.intent.category.DEFAULT" />
83-->src\main\AndroidManifest.xml:50:17-76
83-->src\main\AndroidManifest.xml:50:27-73
84
85                <data
85-->src\main\AndroidManifest.xml:53:17-50
86                    android:host="cms.bits-hyderabad.ac.in"
86-->src\main\AndroidManifest.xml:74:21-60
87                    android:pathPrefix="/fileShare"
87-->src\main\AndroidManifest.xml:75:21-52
88                    android:scheme="https" />
88-->src\main\AndroidManifest.xml:53:23-47
89            </intent-filter>
90        </activity>
91        <activity
91-->src\main\AndroidManifest.xml:79:9-81:52
92            android:name="ilimboxAndroid.bphc.ilimbox.activities.CourseDetailActivity"
92-->src\main\AndroidManifest.xml:80:13-60
93            android:screenOrientation="portrait" />
93-->src\main\AndroidManifest.xml:81:13-49
94
95        <service
95-->src\main\AndroidManifest.xml:83:9-89:19
96            android:name="ilimboxAndroid.bphc.ilimbox.background.MyFirebaseMessagingService"
96-->src\main\AndroidManifest.xml:84:13-66
97            android:exported="false" >
97-->src\main\AndroidManifest.xml:85:13-37
98            <intent-filter>
98-->src\main\AndroidManifest.xml:86:13-88:29
99                <action android:name="com.google.firebase.MESSAGING_EVENT" />
99-->src\main\AndroidManifest.xml:87:17-78
99-->src\main\AndroidManifest.xml:87:25-75
100            </intent-filter>
101        </service>
102
103        <provider
104            android:name="androidx.core.content.FileProvider"
104-->src\main\AndroidManifest.xml:92:13-62
105            android:authorities="kg.ilimbox.provider"
105-->src\main\AndroidManifest.xml:93:13-60
106            android:exported="false"
106-->src\main\AndroidManifest.xml:94:13-37
107            android:grantUriPermissions="true" >
107-->src\main\AndroidManifest.xml:95:13-47
108            <meta-data
108-->src\main\AndroidManifest.xml:96:13-98:58
109                android:name="android.support.FILE_PROVIDER_PATHS"
109-->src\main\AndroidManifest.xml:97:17-67
110                android:resource="@xml/provider_paths" />
110-->src\main\AndroidManifest.xml:98:17-55
111        </provider>
112
113        <service
113-->[com.google.firebase:firebase-auth-ktx:21.0.1] AndroidManifest.xml:8:9-14:19
114            android:name="com.google.firebase.components.ComponentDiscoveryService"
114-->[com.google.firebase:firebase-auth-ktx:21.0.1] AndroidManifest.xml:9:13-84
115            android:directBootAware="true"
115-->[com.google.firebase:firebase-common:20.0.0] AndroidManifest.xml:35:13-43
116            android:exported="false" >
116-->[com.google.firebase:firebase-auth-ktx:21.0.1] AndroidManifest.xml:10:13-37
117            <meta-data
117-->[com.google.firebase:firebase-auth-ktx:21.0.1] AndroidManifest.xml:11:13-13:85
118                android:name="com.google.firebase.components:com.google.firebase.auth.ktx.FirebaseAuthKtxRegistrar"
118-->[com.google.firebase:firebase-auth-ktx:21.0.1] AndroidManifest.xml:12:17-116
119                android:value="com.google.firebase.components.ComponentRegistrar" />
119-->[com.google.firebase:firebase-auth-ktx:21.0.1] AndroidManifest.xml:13:17-82
120            <meta-data
120-->[com.google.firebase:firebase-analytics-ktx:20.0.0] AndroidManifest.xml:11:13-13:85
121                android:name="com.google.firebase.components:com.google.firebase.analytics.ktx.FirebaseAnalyticsKtxRegistrar"
121-->[com.google.firebase:firebase-analytics-ktx:20.0.0] AndroidManifest.xml:12:17-126
122                android:value="com.google.firebase.components.ComponentRegistrar" />
122-->[com.google.firebase:firebase-analytics-ktx:20.0.0] AndroidManifest.xml:13:17-82
123            <meta-data
123-->[com.google.firebase:firebase-crashlytics-ktx:18.2.4] AndroidManifest.xml:27:13-29:85
124                android:name="com.google.firebase.components:com.google.firebase.crashlytics.ktx.FirebaseCrashlyticsKtxRegistrar"
124-->[com.google.firebase:firebase-crashlytics-ktx:18.2.4] AndroidManifest.xml:28:17-130
125                android:value="com.google.firebase.components.ComponentRegistrar" />
125-->[com.google.firebase:firebase-crashlytics-ktx:18.2.4] AndroidManifest.xml:29:17-82
126            <meta-data
126-->[com.google.firebase:firebase-messaging-ktx:23.0.0] AndroidManifest.xml:29:13-31:85
127                android:name="com.google.firebase.components:com.google.firebase.messaging.ktx.FirebaseMessagingKtxRegistrar"
127-->[com.google.firebase:firebase-messaging-ktx:23.0.0] AndroidManifest.xml:30:17-126
128                android:value="com.google.firebase.components.ComponentRegistrar" />
128-->[com.google.firebase:firebase-messaging-ktx:23.0.0] AndroidManifest.xml:31:17-82
129            <meta-data
129-->[com.google.firebase:firebase-common-ktx:20.0.0] AndroidManifest.xml:15:13-17:85
130                android:name="com.google.firebase.components:com.google.firebase.ktx.FirebaseCommonKtxRegistrar"
130-->[com.google.firebase:firebase-common-ktx:20.0.0] AndroidManifest.xml:16:17-113
131                android:value="com.google.firebase.components.ComponentRegistrar" />
131-->[com.google.firebase:firebase-common-ktx:20.0.0] AndroidManifest.xml:17:17-82
132            <meta-data
132-->[com.google.firebase:firebase-database:20.0.2] AndroidManifest.xml:32:13-34:85
133                android:name="com.google.firebase.components:com.google.firebase.database.DatabaseRegistrar"
133-->[com.google.firebase:firebase-database:20.0.2] AndroidManifest.xml:33:17-109
134                android:value="com.google.firebase.components.ComponentRegistrar" />
134-->[com.google.firebase:firebase-database:20.0.2] AndroidManifest.xml:34:17-82
135            <meta-data
135-->[com.google.firebase:firebase-crashlytics:18.2.4] AndroidManifest.xml:18:13-20:85
136                android:name="com.google.firebase.components:com.google.firebase.crashlytics.CrashlyticsRegistrar"
136-->[com.google.firebase:firebase-crashlytics:18.2.4] AndroidManifest.xml:19:17-115
137                android:value="com.google.firebase.components.ComponentRegistrar" />
137-->[com.google.firebase:firebase-crashlytics:18.2.4] AndroidManifest.xml:20:17-82
138            <meta-data
138-->[com.google.firebase:firebase-auth:21.0.1] AndroidManifest.xml:77:13-79:85
139                android:name="com.google.firebase.components:com.google.firebase.auth.FirebaseAuthRegistrar"
139-->[com.google.firebase:firebase-auth:21.0.1] AndroidManifest.xml:78:17-109
140                android:value="com.google.firebase.components.ComponentRegistrar" />
140-->[com.google.firebase:firebase-auth:21.0.1] AndroidManifest.xml:79:17-82
141            <meta-data
141-->[com.google.firebase:firebase-messaging:23.0.0] AndroidManifest.xml:52:13-54:85
142                android:name="com.google.firebase.components:com.google.firebase.messaging.FirebaseMessagingRegistrar"
142-->[com.google.firebase:firebase-messaging:23.0.0] AndroidManifest.xml:53:17-119
143                android:value="com.google.firebase.components.ComponentRegistrar" />
143-->[com.google.firebase:firebase-messaging:23.0.0] AndroidManifest.xml:54:17-82
144            <meta-data
144-->[com.google.firebase:firebase-datatransport:18.0.0] AndroidManifest.xml:28:13-30:85
145                android:name="com.google.firebase.components:com.google.firebase.datatransport.TransportRegistrar"
145-->[com.google.firebase:firebase-datatransport:18.0.0] AndroidManifest.xml:29:17-115
146                android:value="com.google.firebase.components.ComponentRegistrar" />
146-->[com.google.firebase:firebase-datatransport:18.0.0] AndroidManifest.xml:30:17-82
147            <meta-data
147-->[com.google.android.gms:play-services-measurement-api:20.0.0] AndroidManifest.xml:30:13-32:85
148                android:name="com.google.firebase.components:com.google.firebase.analytics.connector.internal.AnalyticsConnectorRegistrar"
148-->[com.google.android.gms:play-services-measurement-api:20.0.0] AndroidManifest.xml:31:17-139
149                android:value="com.google.firebase.components.ComponentRegistrar" />
149-->[com.google.android.gms:play-services-measurement-api:20.0.0] AndroidManifest.xml:32:17-82
150            <meta-data
150-->[com.google.firebase:firebase-installations:17.0.0] AndroidManifest.xml:18:13-20:85
151                android:name="com.google.firebase.components:com.google.firebase.installations.FirebaseInstallationsRegistrar"
151-->[com.google.firebase:firebase-installations:17.0.0] AndroidManifest.xml:19:17-127
152                android:value="com.google.firebase.components.ComponentRegistrar" />
152-->[com.google.firebase:firebase-installations:17.0.0] AndroidManifest.xml:20:17-82
153        </service>
154
155        <activity
155-->[com.google.firebase:firebase-auth:21.0.1] AndroidManifest.xml:27:9-44:20
156            android:name="com.google.firebase.auth.internal.GenericIdpActivity"
156-->[com.google.firebase:firebase-auth:21.0.1] AndroidManifest.xml:28:13-80
157            android:excludeFromRecents="true"
157-->[com.google.firebase:firebase-auth:21.0.1] AndroidManifest.xml:29:13-46
158            android:exported="true"
158-->[com.google.firebase:firebase-auth:21.0.1] AndroidManifest.xml:30:13-36
159            android:launchMode="singleTask"
159-->[com.google.firebase:firebase-auth:21.0.1] AndroidManifest.xml:31:13-44
160            android:theme="@android:style/Theme.Translucent.NoTitleBar" >
160-->[com.google.firebase:firebase-auth:21.0.1] AndroidManifest.xml:32:13-72
161            <intent-filter>
161-->[com.google.firebase:firebase-auth:21.0.1] AndroidManifest.xml:33:13-43:29
162                <action android:name="android.intent.action.VIEW" />
162-->src\main\AndroidManifest.xml:48:17-69
162-->src\main\AndroidManifest.xml:48:25-66
163
164                <category android:name="android.intent.category.DEFAULT" />
164-->src\main\AndroidManifest.xml:50:17-76
164-->src\main\AndroidManifest.xml:50:27-73
165                <category android:name="android.intent.category.BROWSABLE" />
165-->src\main\AndroidManifest.xml:51:17-78
165-->src\main\AndroidManifest.xml:51:27-75
166
167                <data
167-->src\main\AndroidManifest.xml:53:17-50
168                    android:host="firebase.auth"
168-->src\main\AndroidManifest.xml:74:21-60
169                    android:path="/"
170                    android:scheme="genericidp" />
170-->src\main\AndroidManifest.xml:53:23-47
171            </intent-filter>
172        </activity>
173        <activity
173-->[com.google.firebase:firebase-auth:21.0.1] AndroidManifest.xml:45:9-62:20
174            android:name="com.google.firebase.auth.internal.RecaptchaActivity"
174-->[com.google.firebase:firebase-auth:21.0.1] AndroidManifest.xml:46:13-79
175            android:excludeFromRecents="true"
175-->[com.google.firebase:firebase-auth:21.0.1] AndroidManifest.xml:47:13-46
176            android:exported="true"
176-->[com.google.firebase:firebase-auth:21.0.1] AndroidManifest.xml:48:13-36
177            android:launchMode="singleTask"
177-->[com.google.firebase:firebase-auth:21.0.1] AndroidManifest.xml:49:13-44
178            android:theme="@android:style/Theme.Translucent.NoTitleBar" >
178-->[com.google.firebase:firebase-auth:21.0.1] AndroidManifest.xml:50:13-72
179            <intent-filter>
179-->[com.google.firebase:firebase-auth:21.0.1] AndroidManifest.xml:51:13-61:29
180                <action android:name="android.intent.action.VIEW" />
180-->src\main\AndroidManifest.xml:48:17-69
180-->src\main\AndroidManifest.xml:48:25-66
181
182                <category android:name="android.intent.category.DEFAULT" />
182-->src\main\AndroidManifest.xml:50:17-76
182-->src\main\AndroidManifest.xml:50:27-73
183                <category android:name="android.intent.category.BROWSABLE" />
183-->src\main\AndroidManifest.xml:51:17-78
183-->src\main\AndroidManifest.xml:51:27-75
184
185                <data
185-->src\main\AndroidManifest.xml:53:17-50
186                    android:host="firebase.auth"
186-->src\main\AndroidManifest.xml:74:21-60
187                    android:path="/"
188                    android:scheme="recaptcha" />
188-->src\main\AndroidManifest.xml:53:23-47
189            </intent-filter>
190        </activity>
191
192        <service
192-->[com.google.firebase:firebase-auth:21.0.1] AndroidManifest.xml:64:9-73:19
193            android:name="com.google.firebase.auth.api.fallback.service.FirebaseAuthFallbackService"
193-->[com.google.firebase:firebase-auth:21.0.1] AndroidManifest.xml:65:13-101
194            android:enabled="true"
194-->[com.google.firebase:firebase-auth:21.0.1] AndroidManifest.xml:66:13-35
195            android:exported="false" >
195-->[com.google.firebase:firebase-auth:21.0.1] AndroidManifest.xml:67:13-37
196            <intent-filter>
196-->[com.google.firebase:firebase-auth:21.0.1] AndroidManifest.xml:68:13-72:29
197                <action android:name="com.google.firebase.auth.api.gms.service.START" />
197-->[com.google.firebase:firebase-auth:21.0.1] AndroidManifest.xml:69:17-89
197-->[com.google.firebase:firebase-auth:21.0.1] AndroidManifest.xml:69:25-86
198
199                <category android:name="android.intent.category.DEFAULT" />
199-->src\main\AndroidManifest.xml:50:17-76
199-->src\main\AndroidManifest.xml:50:27-73
200            </intent-filter>
201        </service>
202
203        <activity
203-->[com.google.android.gms:play-services-auth:19.0.0] AndroidManifest.xml:23:9-27:75
204            android:name="com.google.android.gms.auth.api.signin.internal.SignInHubActivity"
204-->[com.google.android.gms:play-services-auth:19.0.0] AndroidManifest.xml:24:13-93
205            android:excludeFromRecents="true"
205-->[com.google.android.gms:play-services-auth:19.0.0] AndroidManifest.xml:25:13-46
206            android:exported="false"
206-->[com.google.android.gms:play-services-auth:19.0.0] AndroidManifest.xml:26:13-37
207            android:theme="@android:style/Theme.Translucent.NoTitleBar" />
207-->[com.google.android.gms:play-services-auth:19.0.0] AndroidManifest.xml:27:13-72
208        <!--
209            Service handling Google Sign-In user revocation. For apps that do not integrate with
210            Google Sign-In, this service will never be started.
211        -->
212        <service
212-->[com.google.android.gms:play-services-auth:19.0.0] AndroidManifest.xml:33:9-37:51
213            android:name="com.google.android.gms.auth.api.signin.RevocationBoundService"
213-->[com.google.android.gms:play-services-auth:19.0.0] AndroidManifest.xml:34:13-89
214            android:exported="true"
214-->[com.google.android.gms:play-services-auth:19.0.0] AndroidManifest.xml:35:13-36
215            android:permission="com.google.android.gms.auth.api.signin.permission.REVOCATION_NOTIFICATION"
215-->[com.google.android.gms:play-services-auth:19.0.0] AndroidManifest.xml:36:13-107
216            android:visibleToInstantApps="true" />
216-->[com.google.android.gms:play-services-auth:19.0.0] AndroidManifest.xml:37:13-48
217
218        <receiver
218-->[com.google.firebase:firebase-messaging:23.0.0] AndroidManifest.xml:28:9-35:20
219            android:name="com.google.firebase.iid.FirebaseInstanceIdReceiver"
219-->[com.google.firebase:firebase-messaging:23.0.0] AndroidManifest.xml:29:13-78
220            android:exported="true"
220-->[com.google.firebase:firebase-messaging:23.0.0] AndroidManifest.xml:30:13-36
221            android:permission="com.google.android.c2dm.permission.SEND" >
221-->[com.google.firebase:firebase-messaging:23.0.0] AndroidManifest.xml:31:13-73
222            <intent-filter>
222-->[com.google.firebase:firebase-messaging:23.0.0] AndroidManifest.xml:32:13-34:29
223                <action android:name="com.google.android.c2dm.intent.RECEIVE" />
223-->[com.google.firebase:firebase-messaging:23.0.0] AndroidManifest.xml:33:17-81
223-->[com.google.firebase:firebase-messaging:23.0.0] AndroidManifest.xml:33:25-78
224            </intent-filter>
225        </receiver>
226        <!--
227             FirebaseMessagingService performs security checks at runtime,
228             but set to not exported to explicitly avoid allowing another app to call it.
229        -->
230        <service
230-->[com.google.firebase:firebase-messaging:23.0.0] AndroidManifest.xml:41:9-48:19
231            android:name="com.google.firebase.messaging.FirebaseMessagingService"
231-->[com.google.firebase:firebase-messaging:23.0.0] AndroidManifest.xml:42:13-82
232            android:directBootAware="true"
232-->[com.google.firebase:firebase-messaging:23.0.0] AndroidManifest.xml:43:13-43
233            android:exported="false" >
233-->[com.google.firebase:firebase-messaging:23.0.0] AndroidManifest.xml:44:13-37
234            <intent-filter android:priority="-500" >
234-->src\main\AndroidManifest.xml:86:13-88:29
235                <action android:name="com.google.firebase.MESSAGING_EVENT" />
235-->src\main\AndroidManifest.xml:87:17-78
235-->src\main\AndroidManifest.xml:87:25-75
236            </intent-filter>
237        </service>
238        <service
238-->[com.google.android.datatransport:transport-backend-cct:3.1.0] AndroidManifest.xml:29:9-35:19
239            android:name="com.google.android.datatransport.runtime.backends.TransportBackendDiscovery"
239-->[com.google.android.datatransport:transport-backend-cct:3.1.0] AndroidManifest.xml:30:13-103
240            android:exported="false" >
240-->[com.google.android.datatransport:transport-backend-cct:3.1.0] AndroidManifest.xml:31:13-37
241            <meta-data
241-->[com.google.android.datatransport:transport-backend-cct:3.1.0] AndroidManifest.xml:32:13-34:39
242                android:name="backend:com.google.android.datatransport.cct.CctBackendFactory"
242-->[com.google.android.datatransport:transport-backend-cct:3.1.0] AndroidManifest.xml:33:17-94
243                android:value="cct" />
243-->[com.google.android.datatransport:transport-backend-cct:3.1.0] AndroidManifest.xml:34:17-36
244        </service>
245        <service
245-->[com.google.android.datatransport:transport-runtime:3.1.0] AndroidManifest.xml:26:9-30:19
246            android:name="com.google.android.datatransport.runtime.scheduling.jobscheduling.JobInfoSchedulerService"
246-->[com.google.android.datatransport:transport-runtime:3.1.0] AndroidManifest.xml:27:13-117
247            android:exported="false"
247-->[com.google.android.datatransport:transport-runtime:3.1.0] AndroidManifest.xml:28:13-37
248            android:permission="android.permission.BIND_JOB_SERVICE" >
248-->[com.google.android.datatransport:transport-runtime:3.1.0] AndroidManifest.xml:29:13-69
249        </service>
250
251        <receiver
251-->[com.google.android.datatransport:transport-runtime:3.1.0] AndroidManifest.xml:32:9-34:40
252            android:name="com.google.android.datatransport.runtime.scheduling.jobscheduling.AlarmManagerSchedulerBroadcastReceiver"
252-->[com.google.android.datatransport:transport-runtime:3.1.0] AndroidManifest.xml:33:13-132
253            android:exported="false" />
253-->[com.google.android.datatransport:transport-runtime:3.1.0] AndroidManifest.xml:34:13-37
254
255        <provider
255-->[com.google.firebase:firebase-common:20.0.0] AndroidManifest.xml:26:9-31:39
256            android:name="com.google.firebase.provider.FirebaseInitProvider"
256-->[com.google.firebase:firebase-common:20.0.0] AndroidManifest.xml:27:13-77
257            android:authorities="kg.ilimbox.firebaseinitprovider"
257-->[com.google.firebase:firebase-common:20.0.0] AndroidManifest.xml:28:13-72
258            android:directBootAware="true"
258-->[com.google.firebase:firebase-common:20.0.0] AndroidManifest.xml:29:13-43
259            android:exported="false"
259-->[com.google.firebase:firebase-common:20.0.0] AndroidManifest.xml:30:13-37
260            android:initOrder="100" />
260-->[com.google.firebase:firebase-common:20.0.0] AndroidManifest.xml:31:13-36
261
262        <receiver
262-->[com.google.android.gms:play-services-measurement:20.0.0] AndroidManifest.xml:29:9-33:20
263            android:name="com.google.android.gms.measurement.AppMeasurementReceiver"
263-->[com.google.android.gms:play-services-measurement:20.0.0] AndroidManifest.xml:30:13-85
264            android:enabled="true"
264-->[com.google.android.gms:play-services-measurement:20.0.0] AndroidManifest.xml:31:13-35
265            android:exported="false" >
265-->[com.google.android.gms:play-services-measurement:20.0.0] AndroidManifest.xml:32:13-37
266        </receiver>
267
268        <service
268-->[com.google.android.gms:play-services-measurement:20.0.0] AndroidManifest.xml:35:9-38:40
269            android:name="com.google.android.gms.measurement.AppMeasurementService"
269-->[com.google.android.gms:play-services-measurement:20.0.0] AndroidManifest.xml:36:13-84
270            android:enabled="true"
270-->[com.google.android.gms:play-services-measurement:20.0.0] AndroidManifest.xml:37:13-35
271            android:exported="false" />
271-->[com.google.android.gms:play-services-measurement:20.0.0] AndroidManifest.xml:38:13-37
272        <service
272-->[com.google.android.gms:play-services-measurement:20.0.0] AndroidManifest.xml:39:9-43:72
273            android:name="com.google.android.gms.measurement.AppMeasurementJobService"
273-->[com.google.android.gms:play-services-measurement:20.0.0] AndroidManifest.xml:40:13-87
274            android:enabled="true"
274-->[com.google.android.gms:play-services-measurement:20.0.0] AndroidManifest.xml:41:13-35
275            android:exported="false"
275-->[com.google.android.gms:play-services-measurement:20.0.0] AndroidManifest.xml:42:13-37
276            android:permission="android.permission.BIND_JOB_SERVICE" />
276-->[com.google.android.gms:play-services-measurement:20.0.0] AndroidManifest.xml:43:13-69
277
278        <activity
278-->[com.google.android.gms:play-services-base:17.6.0] AndroidManifest.xml:23:9-26:75
279            android:name="com.google.android.gms.common.api.GoogleApiActivity"